10/06/2025 04:06:32 PM: INFO: ********** started TestLoginPage: test_login_page_title **********
10/06/2025 04:06:35 PM: INFO: ********** ending TestLoginPage: test_login_page_title **********
10/06/2025 04:06:41 PM: INFO: ********** started TestLoginPage: test_login **********
10/06/2025 04:06:50 PM: INFO: ********** ending TestLoginPage: test_login **********
10/06/2025 04:08:38 PM: INFO: ********** started TestLoginPage: test_login_page_title **********
10/06/2025 04:08:40 PM: INFO: ********** ending TestLoginPage: test_login_page_title **********
10/06/2025 04:08:46 PM: INFO: ********** started TestLoginPage: test_login **********
10/06/2025 04:08:54 PM: INFO: ********** ending TestLoginPage: test_login **********
10/06/2025 10:38:46 PM: INFO: ********** started TestLoginPage: test_login_page_title **********
10/06/2025 10:38:48 PM: INFO: ********** ending TestLoginPage: test_login_page_title **********
10/06/2025 10:38:54 PM: INFO: ********** started TestLoginPage: test_login **********
10/06/2025 10:39:03 PM: INFO: ********** ending TestLoginPage: test_login **********
10/06/2025 11:01:31 PM: INFO: ********** started TestLoginPage: test_login_page_title **********
10/06/2025 11:01:33 PM: INFO: ********** ending TestLoginPage: test_login_page_title **********
10/06/2025 11:01:39 PM: INFO: ********** started TestLoginPage: test_login **********
10/06/2025 11:01:45 PM: INFO: ********** ending TestLoginPage: test_login **********
10/06/2025 11:03:07 PM: INFO: ********** started TestLoginPage: test_login_page_title **********
10/06/2025 11:03:10 PM: INFO: ********** ending TestLoginPage: test_login_page_title **********
10/06/2025 11:03:30 PM: INFO: ********** started TestLoginPage: test_login **********
10/06/2025 11:03:37 PM: INFO: ********** ending TestLoginPage: test_login **********
10/06/2025 11:04:05 PM: INFO: ********** started TestLoginPage: test_login_page_title **********
10/06/2025 11:04:06 PM: INFO: ********** ending TestLoginPage: test_login_page_title **********
10/06/2025 11:04:12 PM: INFO: ********** started TestLoginPage: test_login **********
10/06/2025 11:04:19 PM: INFO: ********** ending TestLoginPage: test_login **********
10/06/2025 11:05:51 PM: INFO: ********** started TestLoginPage: test_login_page_title **********
10/06/2025 11:05:51 PM: INFO: ********** started TestLoginPage: test_login **********
10/06/2025 11:05:54 PM: INFO: ********** ending TestLoginPage: test_login_page_title **********
10/06/2025 11:06:00 PM: INFO: ********** ending TestLoginPage: test_login **********
10/06/2025 11:20:10 PM: INFO: ********** started TestLoginPage: test_login_page_title **********
10/06/2025 11:20:10 PM: INFO: ********** started TestLoginPage: test_login **********
10/06/2025 11:20:13 PM: INFO: ********** ending TestLoginPage: test_login_page_title **********
10/06/2025 11:20:19 PM: INFO: ********** ending TestLoginPage: test_login **********
10/07/2025 10:27:18 AM: INFO: ********** started TestLoginPage: test_login with asmin@yourstore.com **********
10/07/2025 10:27:41 AM: INFO: ********** started TestLoginPage: test_login with admin@yourstore.com **********
10/07/2025 10:27:53 AM: INFO: ********** started TestLoginPage: test_login with adm@yourstore.com **********
10/07/2025 10:28:13 AM: INFO: ********** started TestLoginPage: test_login with adm@yourstore.com **********
10/07/2025 10:31:29 AM: INFO: ********** started TestLoginPage: test_login with adm@yourstore.com **********
10/07/2025 10:31:30 AM: INFO: ********** started TestLoginPage: test_login with admin@yourstore.com **********
10/07/2025 10:31:47 AM: INFO: ********** started TestLoginPage: test_login with admin@yourstore.com **********
10/07/2025 10:31:56 AM: INFO: ********** started TestLoginPage: test_login with adm@yourstore.com **********
10/07/2025 10:33:34 AM: INFO: ********** started TestLoginPage: test_login with adm@yourstore.com **********
10/07/2025 10:33:36 AM: INFO: ********** started TestLoginPage: test_login with admin@yourstore.com **********
10/07/2025 10:33:51 AM: INFO: ********** started TestLoginPage: test_login with admin@yourstore.com **********
10/07/2025 10:34:00 AM: INFO: ********** started TestLoginPage: test_login with adm@yourstore.com **********
10/07/2025 10:35:04 AM: INFO: ********** started TestLoginPage: test_login with adm@yourstore.com **********
10/07/2025 10:35:04 AM: INFO: ********** started TestLoginPage: test_login with admin@yourstore.com **********
10/07/2025 10:35:17 AM: INFO: ********** ending TestLoginPage: test_login with admin@yourstore.com **********
10/07/2025 10:35:23 AM: INFO: ********** started TestLoginPage: test_login with admin@yourstore.com **********
10/07/2025 10:35:31 AM: INFO: ********** started TestLoginPage: test_login with adm@yourstore.com **********
10/07/2025 10:40:53 AM: INFO: ********** started TestLoginPage: test_login with admin@yourstore.com **********
10/07/2025 10:40:53 AM: INFO: ********** started TestLoginPage: test_login with adm@yourstore.com **********
10/07/2025 10:41:03 AM: INFO: ********** ending TestLoginPage: test_login with admin@yourstore.com **********
10/07/2025 10:41:12 AM: INFO: ********** started TestLoginPage: test_login with admin@yourstore.com **********
10/07/2025 10:41:15 AM: INFO: ********** ending TestLoginPage: test_login with adm@yourstore.com **********
10/07/2025 10:41:21 AM: INFO: ********** started TestLoginPage: test_login with adm@yourstore.com **********
10/07/2025 10:41:26 AM: INFO: ********** ending TestLoginPage: test_login with admin@yourstore.com **********
10/07/2025 10:41:35 AM: INFO: ********** ending TestLoginPage: test_login with adm@yourstore.com **********
10/07/2025 12:01:03 PM: INFO: ********** started TestAddCustomer: test_login **********
10/07/2025 12:01:08 PM: INFO: ********** Login Success **********
10/07/2025 12:01:08 PM: INFO: ********** Start Adding Customer **********
10/07/2025 12:12:50 PM: INFO: ********** started TestAddCustomer: test_login **********
10/07/2025 12:12:55 PM: INFO: ********** Login Success **********
10/07/2025 12:12:55 PM: INFO: ********** Start Adding Customer **********
10/07/2025 12:17:36 PM: INFO: ********** started TestAddCustomer: test_login **********
10/07/2025 12:17:41 PM: INFO: ********** Login Success **********
10/07/2025 12:17:41 PM: INFO: ********** Start Adding Customer **********
10/07/2025 12:19:08 PM: INFO: ********** started TestAddCustomer: test_login **********
10/07/2025 12:19:12 PM: INFO: ********** Login Success **********
10/07/2025 12:19:12 PM: INFO: ********** Start Adding Customer **********
10/07/2025 12:20:24 PM: INFO: ********** started TestAddCustomer: test_login **********
10/07/2025 12:20:27 PM: INFO: ********** Login Success **********
10/07/2025 12:20:27 PM: INFO: ********** Start Adding Customer **********
10/07/2025 12:25:32 PM: INFO: ********** started TestAddCustomer: test_login **********
10/07/2025 12:25:36 PM: INFO: ********** Login Success **********
10/07/2025 12:25:36 PM: INFO: ********** Start Adding Customer **********
10/07/2025 12:25:54 PM: INFO: ********** Customer Added **********
10/07/2025 12:27:53 PM: INFO: ********** started TestAddCustomer: test_login **********
10/07/2025 12:27:58 PM: INFO: ********** Login Success **********
10/07/2025 12:27:58 PM: INFO: ********** Start Adding Customer **********
10/07/2025 12:28:09 PM: INFO: ********** Customer Added **********
10/07/2025 12:28:09 PM: INFO: ********** Success message validated: ×
The new customer has been added successfully. **********
10/07/2025 12:34:40 PM: INFO: ********** started TestAddCustomer: test_login **********
10/07/2025 12:34:44 PM: INFO: ********** Login Success **********
10/07/2025 12:34:44 PM: INFO: ********** Start Adding Customer **********
10/07/2025 12:34:55 PM: INFO: ********** Customer Added **********
10/07/2025 12:34:55 PM: INFO: ********** Success message validated: ×
The new customer has been added successfully. **********
10/07/2025 12:36:03 PM: INFO: ********** started TestAddCustomer: test_login **********
10/07/2025 12:36:06 PM: INFO: ********** Login Success **********
10/07/2025 12:36:06 PM: INFO: ********** Start Adding Customer **********
10/07/2025 12:36:17 PM: INFO: ********** Customer Added **********
10/07/2025 12:36:44 PM: INFO: ********** started TestAddCustomer: test_login **********
10/07/2025 12:36:48 PM: INFO: ********** Login Success **********
10/07/2025 12:36:48 PM: INFO: ********** Start Adding Customer **********
10/07/2025 12:36:58 PM: INFO: ********** Customer Added **********
10/07/2025 12:36:59 PM: INFO: ********** Success message validated: ×
The new customer has been added successfully. **********
10/07/2025 01:07:07 PM: INFO: ********** started TestCustomerSearch: test_search_customer_by_email for steve_gates@nopCommerce.com **********
10/07/2025 01:07:11 PM: INFO: ********** Login Success **********
10/07/2025 01:07:22 PM: INFO: ********** started TestCustomerSearch: test_search_customer_by_email for nonexistentuser@example.com **********
10/07/2025 01:07:26 PM: INFO: ********** Login Success **********
10/07/2025 01:07:31 PM: INFO: ********** completed TestCustomerSearch: test_search_customer_by_email for nonexistentuser@example.com **********
10/07/2025 01:11:40 PM: INFO: ********** started TestCustomerSearch: test_search_customer_by_email for steve_gates@nopCommerce.com **********
10/07/2025 01:11:43 PM: INFO: ********** Login Success **********
10/07/2025 01:11:49 PM: INFO: ********** completed TestCustomerSearch: test_search_customer_by_email for steve_gates@nopCommerce.com **********
10/07/2025 01:11:54 PM: INFO: ********** started TestCustomerSearch: test_search_customer_by_email for nonexistentuser@example.com **********
10/07/2025 01:11:58 PM: INFO: ********** Login Success **********
10/07/2025 01:12:02 PM: INFO: ********** completed TestCustomerSearch: test_search_customer_by_email for nonexistentuser@example.com **********
